2021-03-15T10:33:32 HOSTNAME APP_NAME: Watching for file changes with StatReloader
2021-03-15T10:33:41 HOSTNAME APP_NAME: Bad Request: /markets/
2021-03-15T10:33:41 HOSTNAME APP_NAME: "POST /markets/ HTTP/1.1" 400 76
2021-03-15T10:45:32 HOSTNAME APP_NAME: Watching for file changes with StatReloader
2021-03-15T10:46:07 HOSTNAME APP_NAME: Watching for file changes with StatReloader
2021-03-15T10:46:11 HOSTNAME APP_NAME: Bad Request: /markets/
2021-03-15T10:46:11 HOSTNAME APP_NAME: "POST /markets/ HTTP/1.1" 400 76
2021-03-15T10:46:13 HOSTNAME APP_NAME: "GET /markets?district=BRAS HTTP/1.1" 301 0
2021-03-15T10:46:13 HOSTNAME APP_NAME: "GET /markets/?district=BRAS HTTP/1.1" 200 2457
2021-03-15T11:04:31 HOSTNAME APP_NAME: Not Found: /
2021-03-15T11:06:34 HOSTNAME APP_NAME: Watching for file changes with StatReloader
2021-03-15T11:06:58 HOSTNAME APP_NAME: "GET /markets?district=BRAS HTTP/1.1" 301 0
2021-03-15T11:06:58 HOSTNAME APP_NAME: "GET /markets/?district=BRAS HTTP/1.1" 200 2457
2021-03-15T11:07:02 HOSTNAME APP_NAME: Not Found: /marketsjhghj
2021-03-15T11:07:02 HOSTNAME APP_NAME: "GET /marketsjhghj HTTP/1.1" 404 179
2021-03-15T11:07:26 HOSTNAME APP_NAME: Bad Request: /markets/
2021-03-15T11:07:26 HOSTNAME APP_NAME: "POST /markets/ HTTP/1.1" 400 76
2021-03-15T11:07:32 HOSTNAME APP_NAME: Bad Request: /markets/
2021-03-15T11:07:32 HOSTNAME APP_NAME: "POST /markets/ HTTP/1.1" 400 76
2021-03-15T11:07:39 HOSTNAME APP_NAME: "POST /markets/ HTTP/1.1" 201 397
2021-03-15T11:07:55 HOSTNAME APP_NAME: "POST /markets/ HTTP/1.1" 201 404
2021-03-15T11:08:03 HOSTNAME APP_NAME: Bad Request: /markets/
2021-03-15T11:08:03 HOSTNAME APP_NAME: "POST /markets/ HTTP/1.1" 400 118
2021-03-15T11:08:43 HOSTNAME APP_NAME: Method Not Allowed: /markets/sdf
2021-03-15T11:08:43 HOSTNAME APP_NAME: "POST /markets/sdf HTTP/1.1" 405 41
2021-03-15T11:08:53 HOSTNAME APP_NAME: Not Found: /marketsjhghj
2021-03-15T11:08:53 HOSTNAME APP_NAME: "GET /marketsjhghj HTTP/1.1" 404 179
2021-03-15T11:10:38 HOSTNAME APP_NAME: /home/hernangonzales/projects/test/unico/markets/views.py changed, reloading.
2021-03-15T11:10:38 HOSTNAME APP_NAME: Watching for file changes with StatReloader
2021-03-15T11:10:47 HOSTNAME APP_NAME: /home/hernangonzales/projects/test/unico/markets/views.py changed, reloading.
2021-03-15T11:10:47 HOSTNAME APP_NAME: Watching for file changes with StatReloader
2021-03-15T11:12:39 HOSTNAME APP_NAME: /home/hernangonzales/projects/test/unico/markets/views.py changed, reloading.
2021-03-15T11:12:40 HOSTNAME APP_NAME: Watching for file changes with StatReloader
2021-03-15T11:13:38 HOSTNAME APP_NAME: /home/hernangonzales/projects/test/unico/markets/views.py changed, reloading.
2021-03-15T11:13:39 HOSTNAME APP_NAME: Watching for file changes with StatReloader
2021-03-15T11:15:33 HOSTNAME APP_NAME: /home/hernangonzales/projects/test/unico/markets/urls.py changed, reloading.
2021-03-15T11:15:33 HOSTNAME APP_NAME: Watching for file changes with StatReloader
2021-03-15T11:15:58 HOSTNAME APP_NAME: /home/hernangonzales/projects/test/unico/markets/urls.py changed, reloading.
2021-03-15T11:15:58 HOSTNAME APP_NAME: Watching for file changes with StatReloader
2021-03-15T11:16:00 HOSTNAME APP_NAME: /home/hernangonzales/projects/test/unico/markets/views.py changed, reloading.
2021-03-15T11:16:01 HOSTNAME APP_NAME: Watching for file changes with StatReloader
2021-03-15T11:16:04 HOSTNAME APP_NAME: /home/hernangonzales/projects/test/unico/markets/urls.py changed, reloading.
2021-03-15T11:16:04 HOSTNAME APP_NAME: Watching for file changes with StatReloader
2021-03-15T11:16:30 HOSTNAME APP_NAME: /home/hernangonzales/projects/test/unico/markets/views.py changed, reloading.
2021-03-15T11:16:30 HOSTNAME APP_NAME: Watching for file changes with StatReloader
2021-03-15T11:16:49 HOSTNAME APP_NAME: /home/hernangonzales/projects/test/unico/markets/views.py changed, reloading.
2021-03-15T11:16:49 HOSTNAME APP_NAME: Watching for file changes with StatReloader
2021-03-15T11:17:00 HOSTNAME APP_NAME: /home/hernangonzales/projects/test/unico/markets/views.py changed, reloading.
2021-03-15T11:17:00 HOSTNAME APP_NAME: Watching for file changes with StatReloader
2021-03-15T11:17:03 HOSTNAME APP_NAME: /home/hernangonzales/projects/test/unico/unico/settings.py changed, reloading.
2021-03-15T11:17:04 HOSTNAME APP_NAME: Watching for file changes with StatReloader
2021-03-15T11:17:14 HOSTNAME APP_NAME: /home/hernangonzales/projects/test/unico/markets/urls.py changed, reloading.
2021-03-15T11:17:14 HOSTNAME APP_NAME: Watching for file changes with StatReloader
2021-03-15T11:17:33 HOSTNAME APP_NAME: /home/hernangonzales/projects/test/unico/markets/urls.py changed, reloading.
2021-03-15T11:17:33 HOSTNAME APP_NAME: Watching for file changes with StatReloader
2021-03-15T11:17:36 HOSTNAME APP_NAME: /home/hernangonzales/projects/test/unico/markets/urls.py changed, reloading.
2021-03-15T11:17:37 HOSTNAME APP_NAME: Watching for file changes with StatReloader
2021-03-15T11:17:51 HOSTNAME APP_NAME: /home/hernangonzales/projects/test/unico/markets/urls.py changed, reloading.
2021-03-15T11:17:51 HOSTNAME APP_NAME: Watching for file changes with StatReloader
2021-03-15T11:17:58 HOSTNAME APP_NAME: /home/hernangonzales/projects/test/unico/markets/handlers.py changed, reloading.
2021-03-15T11:17:58 HOSTNAME APP_NAME: Watching for file changes with StatReloader
2021-03-15T11:18:43 HOSTNAME APP_NAME: /home/hernangonzales/projects/test/unico/markets/views.py changed, reloading.
2021-03-15T11:18:44 HOSTNAME APP_NAME: Watching for file changes with StatReloader
2021-03-15T11:18:50 HOSTNAME APP_NAME: /home/hernangonzales/projects/test/unico/markets/urls.py changed, reloading.
2021-03-15T11:18:50 HOSTNAME APP_NAME: Watching for file changes with StatReloader
2021-03-15T11:18:55 HOSTNAME APP_NAME: /home/hernangonzales/projects/test/unico/markets/urls.py changed, reloading.
2021-03-15T11:18:55 HOSTNAME APP_NAME: Watching for file changes with StatReloader
2021-03-15T11:19:37 HOSTNAME APP_NAME: /home/hernangonzales/projects/test/unico/markets/urls.py changed, reloading.
2021-03-15T11:19:37 HOSTNAME APP_NAME: Watching for file changes with StatReloader
2021-03-15T11:19:48 HOSTNAME APP_NAME: /home/hernangonzales/projects/test/unico/markets/urls.py changed, reloading.
2021-03-15T11:19:48 HOSTNAME APP_NAME: Watching for file changes with StatReloader
2021-03-15T11:19:59 HOSTNAME APP_NAME: Not Found: /marketsjhghj
2021-03-15T11:19:59 HOSTNAME APP_NAME: "GET /marketsjhghj HTTP/1.1" 404 179
2021-03-15T11:20:10 HOSTNAME APP_NAME: Watching for file changes with StatReloader
2021-03-15T11:20:13 HOSTNAME APP_NAME: Not Found: /marketsjhghj
2021-03-15T11:20:13 HOSTNAME APP_NAME: "GET /marketsjhghj HTTP/1.1" 404 179
2021-03-15T11:21:02 HOSTNAME APP_NAME: /home/hernangonzales/projects/test/unico/unico/urls.py changed, reloading.
2021-03-15T11:21:02 HOSTNAME APP_NAME: Watching for file changes with StatReloader
2021-03-15T11:21:10 HOSTNAME APP_NAME: /home/hernangonzales/projects/test/unico/unico/urls.py changed, reloading.
2021-03-15T11:21:10 HOSTNAME APP_NAME: Watching for file changes with StatReloader
2021-03-15T11:21:13 HOSTNAME APP_NAME: /home/hernangonzales/projects/test/unico/markets/urls.py changed, reloading.
2021-03-15T11:21:13 HOSTNAME APP_NAME: Watching for file changes with StatReloader
2021-03-15T11:21:20 HOSTNAME APP_NAME: /home/hernangonzales/projects/test/unico/unico/urls.py changed, reloading.
2021-03-15T11:21:20 HOSTNAME APP_NAME: Watching for file changes with StatReloader
2021-03-15T11:21:56 HOSTNAME APP_NAME: /home/hernangonzales/projects/test/unico/unico/urls.py changed, reloading.
2021-03-15T11:21:56 HOSTNAME APP_NAME: Watching for file changes with StatReloader
2021-03-15T11:22:01 HOSTNAME APP_NAME: Internal Server Error: /marketsjhghj
2021-03-15T11:22:01 HOSTNAME APP_NAME: "GET /marketsjhghj HTTP/1.1" 500 145
2021-03-15T11:23:12 HOSTNAME APP_NAME: Watching for file changes with StatReloader
2021-03-15T11:23:30 HOSTNAME APP_NAME: Internal Server Error: /marketsjhghj
2021-03-15T11:23:30 HOSTNAME APP_NAME: "GET /marketsjhghj HTTP/1.1" 500 145
2021-03-15T11:28:41 HOSTNAME APP_NAME: /home/hernangonzales/projects/test/unico/markets/urls.py changed, reloading.
2021-03-15T11:28:42 HOSTNAME APP_NAME: Watching for file changes with StatReloader
2021-03-15T11:30:04 HOSTNAME APP_NAME: Watching for file changes with StatReloader
2021-03-15T11:30:07 HOSTNAME APP_NAME: Not Found: /marketsjhghj
2021-03-15T11:30:07 HOSTNAME APP_NAME: "GET /marketsjhghj HTTP/1.1" 404 179
2021-03-15T11:31:44 HOSTNAME APP_NAME: Not Found: /marketsjhghj
2021-03-15T11:31:44 HOSTNAME APP_NAME: "GET /marketsjhghj HTTP/1.1" 404 179
2021-03-15T11:31:51 HOSTNAME APP_NAME: Watching for file changes with StatReloader
2021-03-15T11:34:19 HOSTNAME APP_NAME: Watching for file changes with StatReloader
2021-03-15T11:34:30 HOSTNAME APP_NAME: Not Found: /marketsjhghj
2021-03-15T11:34:30 HOSTNAME APP_NAME: "GET /marketsjhghj HTTP/1.1" 404 179
2021-03-15T11:34:39 HOSTNAME APP_NAME: Watching for file changes with StatReloader
2021-03-15T11:34:43 HOSTNAME APP_NAME: Not Found: /marketsjhghj
2021-03-15T11:34:43 HOSTNAME APP_NAME: "GET /marketsjhghj HTTP/1.1" 404 179
2021-03-15T11:35:44 HOSTNAME APP_NAME: Watching for file changes with StatReloader
2021-03-15T11:36:01 HOSTNAME APP_NAME: Not Found: /marketsjhghj
2021-03-15T11:36:01 HOSTNAME APP_NAME: "GET /marketsjhghj HTTP/1.1" 404 179
2021-03-15T11:39:00 HOSTNAME APP_NAME: Watching for file changes with StatReloader
2021-03-15T11:39:10 HOSTNAME APP_NAME: Watching for file changes with StatReloader
2021-03-15T11:39:45 HOSTNAME APP_NAME: Watching for file changes with StatReloader
2021-03-15T11:39:54 HOSTNAME APP_NAME: Not Found: /marketsjhghj
2021-03-15T11:39:54 HOSTNAME APP_NAME: "GET /marketsjhghj HTTP/1.1" 404 179
2021-03-15T11:43:30 HOSTNAME APP_NAME: Watching for file changes with StatReloader
2021-03-15T11:43:34 HOSTNAME APP_NAME: Not Found: /marketsjhghj
2021-03-15T11:43:34 HOSTNAME APP_NAME: "GET /marketsjhghj HTTP/1.1" 404 179
2021-03-15T11:45:02 HOSTNAME APP_NAME: /home/hernangonzales/projects/test/unico/unico/urls.py changed, reloading.
2021-03-15T11:45:02 HOSTNAME APP_NAME: Watching for file changes with StatReloader
2021-03-15T11:45:05 HOSTNAME APP_NAME: Not Found: /marketsjhghj
2021-03-15T11:45:05 HOSTNAME APP_NAME: "GET /marketsjhghj HTTP/1.1" 404 179
2021-03-15T11:49:13 HOSTNAME APP_NAME: Watching for file changes with StatReloader
2021-03-15T11:49:20 HOSTNAME APP_NAME: Not Found: /marketsjhghj
2021-03-15T11:49:20 HOSTNAME APP_NAME: "GET /marketsjhghj HTTP/1.1" 404 179
2021-03-15T11:51:01 HOSTNAME APP_NAME: Watching for file changes with StatReloader
2021-03-15T11:51:11 HOSTNAME APP_NAME: Watching for file changes with StatReloader
2021-03-15T11:51:49 HOSTNAME APP_NAME: Not Found: /marketsjhghj
2021-03-15T11:51:49 HOSTNAME APP_NAME: "GET /marketsjhghj HTTP/1.1" 404 179
2021-03-15T11:54:10 UNICO TEST: Watching for file changes with StatReloader
2021-03-15T11:54:14 UNICO TEST: Not Found: /marketsjhghj
2021-03-15T11:54:14 UNICO TEST: "GET /marketsjhghj HTTP/1.1" 404 179
2021-03-15T11:54:27 UNICO TEST: Not Found: /marketsjhghj
2021-03-15T11:54:27 UNICO TEST: "GET /marketsjhghj HTTP/1.1" 404 179
2021-03-15T11:56:58 UNICO TEST: /home/hernangonzales/projects/test/unico/unico/urls.py changed, reloading.
2021-03-15T11:56:59 UNICO TEST: Watching for file changes with StatReloader
2021-03-15T11:57:09 UNICO TEST: /home/hernangonzales/projects/test/unico/unico/urls.py changed, reloading.
2021-03-15T11:57:09 UNICO TEST: Watching for file changes with StatReloader
2021-03-15T11:57:13 UNICO TEST: Internal Server Error: /marketsjhghj
2021-03-15T11:57:13 UNICO TEST: "GET /marketsjhghj HTTP/1.1" 500 31
2021-03-15T11:58:02 UNICO TEST: /home/hernangonzales/projects/test/unico/unico/urls.py changed, reloading.
2021-03-15T11:58:02 UNICO TEST: Watching for file changes with StatReloader
2021-03-15T11:59:32 UNICO TEST: /home/hernangonzales/projects/test/unico/unico/urls.py changed, reloading.
2021-03-15T11:59:33 UNICO TEST: Watching for file changes with StatReloader
2021-03-15T12:01:49 UNICO TEST: /home/hernangonzales/projects/test/unico/unico/urls.py changed, reloading.
2021-03-15T12:01:49 UNICO TEST: Watching for file changes with StatReloader
2021-03-15T12:04:02 UNICO TEST: /home/hernangonzales/projects/test/unico/unico/urls.py changed, reloading.
2021-03-15T12:04:03 UNICO TEST: Watching for file changes with StatReloader
2021-03-15T12:04:57 UNICO TEST: "GET /marketsjhghj HTTP/1.1" 500 59
2021-03-15T12:05:28 UNICO TEST: /home/hernangonzales/projects/test/unico/unico/urls.py changed, reloading.
2021-03-15T12:05:28 UNICO TEST: Watching for file changes with StatReloader
2021-03-15T12:05:33 UNICO TEST: Forbidden: /marketsjhghj
2021-03-15T12:05:33 UNICO TEST: "GET /marketsjhghj HTTP/1.1" 403 21
2021-03-15T12:06:17 UNICO TEST: /home/hernangonzales/projects/test/unico/unico/urls.py changed, reloading.
2021-03-15T12:06:18 UNICO TEST: Watching for file changes with StatReloader
2021-03-15T12:06:29 UNICO TEST: /home/hernangonzales/projects/test/unico/unico/urls.py changed, reloading.
2021-03-15T12:06:29 UNICO TEST: Watching for file changes with StatReloader
2021-03-15T12:06:47 UNICO TEST: Watching for file changes with StatReloader
2021-03-15T12:08:21 UNICO TEST: /home/hernangonzales/projects/test/unico/unico/urls.py changed, reloading.
2021-03-15T12:08:23 UNICO TEST: Forbidden: /marketsjhghj
2021-03-15T12:08:23 UNICO TEST: "GET /marketsjhghj HTTP/1.1" 403 21
2021-03-15T12:08:27 UNICO TEST: Watching for file changes with StatReloader
2021-03-15T12:08:35 UNICO TEST: "GET /marketsjhghj HTTP/1.1" 500 59
2021-03-15T12:08:46 UNICO TEST: /home/hernangonzales/projects/test/unico/unico/urls.py changed, reloading.
2021-03-15T12:08:49 UNICO TEST: Watching for file changes with StatReloader
2021-03-15T12:09:12 UNICO TEST: /home/hernangonzales/projects/test/unico/unico/urls.py changed, reloading.
2021-03-15T12:10:01 UNICO TEST: Forbidden: /marketsjhghj
2021-03-15T12:10:01 UNICO TEST: "GET /marketsjhghj HTTP/1.1" 403 21
2021-03-15T12:10:12 UNICO TEST: Watching for file changes with StatReloader
2021-03-15T12:10:20 UNICO TEST: /home/hernangonzales/projects/test/unico/unico/urls.py changed, reloading.
2021-03-15T12:10:23 UNICO TEST: Watching for file changes with StatReloader
2021-03-15T12:10:26 UNICO TEST: "GET /marketsjhghj HTTP/1.1" 200 9
2021-03-15T12:11:09 UNICO TEST: /home/hernangonzales/projects/test/unico/unico/urls.py changed, reloading.
2021-03-15T12:11:17 UNICO TEST: Watching for file changes with StatReloader
2021-03-15T12:11:20 UNICO TEST: "GET /marketsjhghj HTTP/1.1" 500 59
2021-03-15T12:11:55 UNICO TEST: Watching for file changes with StatReloader
2021-03-15T12:11:57 UNICO TEST: "GET /marketsjhghj HTTP/1.1" 500 59
2021-03-15T12:12:18 UNICO TEST: Watching for file changes with StatReloader
2021-03-15T12:12:48 UNICO TEST: "GET /marketsjhghj HTTP/1.1" 500 59
2021-03-15T13:32:55 UNICO TEST: Watching for file changes with StatReloader
2021-03-15T13:33:02 UNICO TEST: Not Found: /marketsjhghj
2021-03-15T13:33:02 UNICO TEST: "GET /marketsjhghj HTTP/1.1" 404 9
2021-03-15T13:33:57 UNICO TEST: /home/hernangonzales/projects/test/unico/unico/urls.py changed, reloading.
2021-03-15T13:33:59 UNICO TEST: Watching for file changes with StatReloader
2021-03-15T13:34:24 UNICO TEST: /home/hernangonzales/projects/test/unico/unico/urls.py changed, reloading.
2021-03-15T13:34:25 UNICO TEST: Watching for file changes with StatReloader
2021-03-15T13:34:27 UNICO TEST: Not Found: /marketsjhghj
2021-03-15T13:34:27 UNICO TEST: "GET /marketsjhghj HTTP/1.1" 404 24
2021-03-15T13:34:49 UNICO TEST: Not Found: /markets/ghjghj
2021-03-15T13:34:49 UNICO TEST: "DELETE /markets/ghjghj HTTP/1.1" 404 23
2021-03-15T13:35:08 UNICO TEST: Not Found: /markets/123
2021-03-15T13:35:08 UNICO TEST: "DELETE /markets/123 HTTP/1.1" 404 23
2021-03-15T13:35:22 UNICO TEST: "GET /markets?district=BRAS HTTP/1.1" 301 0
2021-03-15T13:35:22 UNICO TEST: "GET /markets/?district=BRAS HTTP/1.1" 200 3260
2021-03-15T13:35:26 UNICO TEST: Bad Request: /markets/
2021-03-15T13:35:26 UNICO TEST: "POST /markets/ HTTP/1.1" 400 76
2021-03-15T13:35:34 UNICO TEST: "POST /markets/ HTTP/1.1" 201 404
2021-03-15T13:40:02 UNICO TEST: Not Found: /
2021-03-15T13:40:02 UNICO TEST: Not Found: /not_exists/
2021-03-15T13:40:48 UNICO TEST: Not Found: /
2021-03-15T13:40:48 UNICO TEST: Not Found: /not_exists/
2021-03-15T13:41:24 UNICO TEST: Not Found: /
2021-03-15T13:41:24 UNICO TEST: Not Found: /not_exists/
2021-03-15T13:42:35 UNICO TEST: Not Found: /
2021-03-15T13:43:16 UNICO TEST: Not Found: /
2021-03-15T13:43:37 UNICO TEST: Not Found: /
2021-03-15T13:43:37 UNICO TEST: Internal Server Error: /not_exists/
Traceback (most recent call last):
  File "/home/hernangonzales/projects/test/env/lib/python3.8/site-packages/django/urls/resolvers.py", line 591, in url_patterns
    iter(patterns)
TypeError: 'module' object is not iterable

The above exception was the direct cause of the following exception:

Traceback (most recent call last):
  File "/home/hernangonzales/projects/test/env/lib/python3.8/site-packages/django/core/handlers/exception.py", line 47, in inner
    response = get_response(request)
  File "/home/hernangonzales/projects/test/env/lib/python3.8/site-packages/django/core/handlers/base.py", line 167, in _get_response
    callback, callback_args, callback_kwargs = self.resolve_request(request)
  File "/home/hernangonzales/projects/test/env/lib/python3.8/site-packages/django/core/handlers/base.py", line 290, in resolve_request
    resolver_match = resolver.resolve(request.path_info)
  File "/home/hernangonzales/projects/test/env/lib/python3.8/site-packages/django/urls/resolvers.py", line 545, in resolve
    for pattern in self.url_patterns:
  File "/home/hernangonzales/projects/test/env/lib/python3.8/site-packages/django/utils/functional.py", line 48, in __get__
    res = instance.__dict__[self.name] = self.func(instance)
  File "/home/hernangonzales/projects/test/env/lib/python3.8/site-packages/django/urls/resolvers.py", line 598, in url_patterns
    raise ImproperlyConfigured(msg.format(name=self.urlconf_name)) from e
django.core.exceptions.ImproperlyConfigured: The included URLconf 'unico.tests' does not appear to have any patterns in it. If you see valid patterns in the file then the issue is probably caused by a circular import.
2021-03-15T13:44:10 UNICO TEST: Not Found: /
2021-03-15T13:44:10 UNICO TEST: Not Found: /not_exists/
2021-03-15T13:47:49 UNICO TEST: Not Found: /
2021-03-15T13:47:49 UNICO TEST: Not Found: /not_exists/
2021-03-15T13:55:44 UNICO TEST: Not Found: /
2021-03-15T13:55:44 UNICO TEST: Not Found: /not_exists/
2021-03-15T13:56:39 UNICO TEST: Not Found: /
2021-03-15T13:57:01 UNICO TEST: Not Found: /
2021-03-15T13:57:58 UNICO TEST: Not Found: /
2021-03-15T13:57:58 UNICO TEST: Not Found: /not_exists/
2021-03-15T14:00:25 UNICO TEST: Not Found: /
2021-03-15T14:00:25 UNICO TEST: Not Found: /not_exists/
2021-03-15T14:01:52 UNICO TEST: Not Found: /
2021-03-15T14:01:52 UNICO TEST: Not Found: /not_exists/
2021-03-15T14:02:14 UNICO TEST: Not Found: /
2021-03-15T14:02:14 UNICO TEST: Not Found: /not_exists/
2021-03-15T14:07:58 UNICO TEST: Not Found: /
2021-03-15T14:07:58 UNICO TEST: Not Found: /not_exists/
2021-03-15T14:08:14 UNICO TEST: Not Found: /
2021-03-15T14:08:14 UNICO TEST: Not Found: /not_exists/
2021-03-15T14:11:24 UNICO TEST: Watching for file changes with StatReloader
2021-03-15T14:11:37 UNICO TEST: "GET /marketssdfsdf HTTP/1.1" 500 59
2021-03-15T14:11:58 UNICO TEST: /home/hernangonzales/projects/test/unico/unico/urls.py changed, reloading.
2021-03-15T14:11:58 UNICO TEST: Watching for file changes with StatReloader
2021-03-15T14:12:01 UNICO TEST: Not Found: /marketssdfsdf
2021-03-15T14:12:01 UNICO TEST: "GET /marketssdfsdf HTTP/1.1" 404 24
2021-03-15T14:13:06 UNICO TEST: /home/hernangonzales/projects/test/unico/unico/urls.py changed, reloading.
2021-03-15T14:13:06 UNICO TEST: Watching for file changes with StatReloader
2021-03-15T14:13:11 UNICO TEST: /home/hernangonzales/projects/test/unico/unico/urls.py changed, reloading.
2021-03-15T14:13:12 UNICO TEST: Watching for file changes with StatReloader
2021-03-15T14:13:15 UNICO TEST: Not Found: /marketssdfsdf
2021-03-15T14:13:15 UNICO TEST: "GET /marketssdfsdf HTTP/1.1" 404 24
2021-03-15T14:13:36 UNICO TEST: Not Found: /
2021-03-15T14:13:36 UNICO TEST: Not Found: /not_exists/
2021-03-15T14:16:05 UNICO TEST: Not Found: /
2021-03-15T14:16:05 UNICO TEST: Not Found: /not_exists/
2021-03-15T14:16:15 UNICO TEST: Not Found: /
2021-03-15T14:16:15 UNICO TEST: Not Found: /not_exists/
2021-03-15T14:16:29 UNICO TEST: Not Found: /
2021-03-15T14:16:29 UNICO TEST: Not Found: /not_exists/
2021-03-15T14:16:44 UNICO TEST: Not Found: /
2021-03-15T14:16:44 UNICO TEST: Not Found: /not_exists/
2021-03-15T14:17:11 UNICO TEST: Not Found: /
2021-03-15T14:17:11 UNICO TEST: Not Found: /not_exists/
2021-03-15T14:17:18 UNICO TEST: Not Found: /
2021-03-15T14:17:18 UNICO TEST: Not Found: /not_exists/
2021-03-15T14:17:46 UNICO TEST: Not Found: /
2021-03-15T14:17:46 UNICO TEST: Not Found: /not_exists/
2021-03-15T14:32:00 UNICO TEST: Watching for file changes with StatReloader
2021-03-15T14:32:02 UNICO TEST: "GET /markets/9995-1 HTTP/1.1" 200 375
2021-03-15T14:34:01 UNICO TEST: /home/hernangonzales/projects/test/unico/unico/urls.py changed, reloading.
2021-03-15T14:34:01 UNICO TEST: Watching for file changes with StatReloader
2021-03-15T14:34:04 UNICO TEST: /home/hernangonzales/projects/test/unico/unico/urls.py changed, reloading.
2021-03-15T14:34:05 UNICO TEST: Watching for file changes with StatReloader
2021-03-15T14:34:35 UNICO TEST: /home/hernangonzales/projects/test/unico/unico/urls.py changed, reloading.
2021-03-15T14:34:35 UNICO TEST: Watching for file changes with StatReloader
2021-03-15T14:34:46 UNICO TEST: Not Found: /marketssdfsdfsd
2021-03-15T14:34:46 UNICO TEST: "GET /marketssdfsdfsd HTTP/1.1" 404 24
2021-03-15T14:57:55 UNICO TEST: Not Found: /
2021-03-15T15:01:19 UNICO TEST: Not Found: /
2021-03-15T15:08:11 UNICO TEST: Not Found: /not_exists/
2021-03-15T15:09:33 UNICO TEST: Not Found: /not_exists/
2021-03-15T15:19:05 UNICO TEST: Not Found: /not_exists/
2021-03-15T15:19:07 UNICO TEST: Not Found: /not_exists/
2021-03-15T15:19:15 UNICO TEST: Not Found: /not_exists/
2021-03-15T15:20:16 UNICO TEST: Not Found: /not_exists/
2021-03-15T15:22:14 UNICO TEST: Not Found: /not_exists/
2021-03-15T15:47:07 UNICO TEST: Not Found: /not_exists/
2021-03-15T15:49:35 UNICO TEST: Not Found: /not_exists/
2021-03-15T15:49:58 UNICO TEST: Not Found: /not_exists/
2021-03-15T15:50:22 UNICO TEST: Not Found: /not_exists/
2021-03-15T15:50:35 UNICO TEST: Not Found: /not_exists/
2021-03-15T15:50:46 UNICO TEST: Not Found: /not_exists/
2021-03-15T15:52:33 UNICO TEST: Not Found: /not_exists/
2021-03-15T15:57:52 UNICO TEST: Not Found: /not_exists/
2021-03-15T16:23:31 UNICO TEST: Not Found: /not_exists/
2021-03-15T16:25:49 UNICO TEST: Not Found: /not_exists/
2021-03-15T16:25:59 UNICO TEST: Not Found: /not_exists/
2021-03-15T16:26:15 UNICO TEST: Not Found: /not_exists/
2021-03-15T16:28:07 UNICO TEST: Not Found: /not_exists/
2021-03-15T16:28:58 UNICO TEST: Not Found: /not_exists/
2021-03-15T16:30:09 UNICO TEST: Not Found: /not_exists/
2021-03-15T16:30:55 UNICO TEST: Not Found: /not_exists/
2021-03-15T16:31:01 UNICO TEST: Not Found: /not_exists/
2021-03-15T16:31:05 UNICO TEST: Not Found: /not_exists/
2021-03-15T16:31:50 UNICO TEST: Not Found: /not_exists/
2021-03-15T16:31:58 UNICO TEST: Not Found: /not_exists/
2021-03-15T16:32:05 UNICO TEST: Not Found: /not_exists/
2021-03-15T16:32:11 UNICO TEST: Not Found: /not_exists/
2021-03-15T16:32:18 UNICO TEST: Not Found: /not_exists/
2021-03-15T16:35:37 UNICO TEST: Not Found: /not_exists/
2021-03-15T16:35:49 UNICO TEST: Not Found: /not_exists/
2021-03-15T16:36:01 UNICO TEST: Not Found: /not_exists/
2021-03-15T16:42:58 UNICO TEST: Not Found: /not_exists/
2021-03-15T16:43:41 UNICO TEST: Not Found: /not_exists/
2021-03-15T16:44:22 UNICO TEST: Not Found: /not_exists/
2021-03-15T16:47:29 UNICO TEST: Not Found: /not_exists/
2021-03-15T16:47:36 UNICO TEST: Not Found: /not_exists/
2021-03-15T16:51:53 UNICO TEST: Not Found: /not_exists/
2021-03-15T16:52:01 UNICO TEST: Not Found: /not_exists/
2021-03-15T16:52:20 UNICO TEST: Not Found: /not_exists/
2021-03-15T16:54:07 UNICO TEST: Not Found: /not_exists/
2021-03-15T16:54:33 UNICO TEST: Not Found: /not_exists/
2021-03-15T16:55:54 UNICO TEST: Not Found: /not_exists/
2021-03-15T16:56:11 UNICO TEST: Not Found: /not_exists/
2021-03-15T16:57:18 UNICO TEST: Not Found: /not_exists/
2021-03-15T17:00:20 UNICO TEST: Not Found: /not_exists/
2021-03-15T17:00:57 UNICO TEST: Not Found: /not_exists/
2021-03-15T17:00:57 UNICO TEST: Bad Request: /markets/
2021-03-15T17:01:18 UNICO TEST: Not Found: /not_exists/
2021-03-15T17:01:29 UNICO TEST: Bad Request: /markets/
2021-03-15T17:02:51 UNICO TEST: Not Found: /not_exists/
2021-03-15T17:02:51 UNICO TEST: Bad Request: /markets/
2021-03-15T17:04:20 UNICO TEST: Not Found: /not_exists/
2021-03-15T17:04:21 UNICO TEST: Bad Request: /markets/
2021-03-15T17:04:37 UNICO TEST: Not Found: /not_exists/
2021-03-15T17:04:37 UNICO TEST: Bad Request: /markets/
2021-03-15T17:04:52 UNICO TEST: Not Found: /not_exists/
2021-03-15T17:04:52 UNICO TEST: Bad Request: /markets/
2021-03-15T17:05:03 UNICO TEST: Not Found: /not_exists/
2021-03-15T17:05:03 UNICO TEST: Bad Request: /markets/
2021-03-15T17:08:11 UNICO TEST: Not Found: /not_exists/
2021-03-15T17:08:11 UNICO TEST: Bad Request: /markets/
2021-03-15T17:08:11 UNICO TEST: Method Not Allowed: /markets/
2021-03-15T17:08:11 UNICO TEST: Method Not Allowed: /markets/
2021-03-15T17:08:30 UNICO TEST: Not Found: /not_exists/
2021-03-15T17:08:30 UNICO TEST: Bad Request: /markets/
2021-03-15T17:08:30 UNICO TEST: Method Not Allowed: /markets/
2021-03-15T17:08:30 UNICO TEST: Method Not Allowed: /markets/
2021-03-15T17:09:25 UNICO TEST: Watching for file changes with StatReloader
2021-03-15T17:09:33 UNICO TEST: Not Found: /markets/A
2021-03-15T17:09:33 UNICO TEST: "PUT /markets/A HTTP/1.1" 404 23
2021-03-15T17:09:49 UNICO TEST: Not Found: /not_exists/
2021-03-15T17:09:49 UNICO TEST: Bad Request: /markets/
2021-03-15T17:09:49 UNICO TEST: Method Not Allowed: /markets/
2021-03-15T17:09:49 UNICO TEST: Method Not Allowed: /markets/
2021-03-15T17:10:24 UNICO TEST: Not Found: /not_exists/
2021-03-15T17:10:24 UNICO TEST: Bad Request: /markets/
2021-03-15T17:10:24 UNICO TEST: Not Found: /markets/B
2021-03-15T17:10:24 UNICO TEST: Unsupported Media Type: /markets/A
2021-03-15T17:10:47 UNICO TEST: Not Found: /not_exists/
2021-03-15T17:10:47 UNICO TEST: Bad Request: /markets/
2021-03-15T17:10:47 UNICO TEST: Not Found: /markets/B
2021-03-15T17:10:48 UNICO TEST: Unsupported Media Type: /markets/A
2021-03-15T17:13:22 UNICO TEST: Not Found: /not_exists/
2021-03-15T17:13:23 UNICO TEST: Bad Request: /markets/
2021-03-15T17:13:23 UNICO TEST: Not Found: /markets/B
2021-03-15T17:13:33 UNICO TEST: Not Found: /not_exists/
2021-03-15T17:13:34 UNICO TEST: Bad Request: /markets/
2021-03-15T17:13:34 UNICO TEST: Not Found: /markets/B
2021-03-15T17:13:34 UNICO TEST: Unsupported Media Type: /markets/A
2021-03-15T17:13:39 UNICO TEST: Not Found: /not_exists/
2021-03-15T17:13:39 UNICO TEST: Bad Request: /markets/
2021-03-15T17:13:39 UNICO TEST: Not Found: /markets/B
2021-03-15T17:14:38 UNICO TEST: Not Found: /not_exists/
2021-03-15T17:14:38 UNICO TEST: Bad Request: /markets/
2021-03-15T17:14:38 UNICO TEST: Not Found: /markets/B
2021-03-15T17:14:38 UNICO TEST: Not Found: /markets/B
